SF:lib/core/global.dart
DA:4,3
DA:10,1
DA:13,1
DA:14,2
LF:4
LH:4
end_of_record
SF:lib/domain/models/exercise.dart
DA:5,0
DA:7,0
DA:14,0
DA:18,0
DA:26,0
DA:27,0
DA:28,0
DA:29,0
DA:30,0
DA:32,0
DA:33,0
DA:34,0
DA:35,0
DA:36,0
DA:39,0
DA:40,0
DA:41,0
DA:42,0
DA:43,0
DA:44,0
DA:45,0
DA:49,0
DA:50,0
DA:51,0
DA:52,0
DA:54,0
DA:55,0
DA:56,0
DA:57,0
DA:58,0
LF:30
LH:0
end_of_record
SF:lib/domain/models/workout.dart
DA:4,1
DA:6,1
DA:17,1
DA:25,1
DA:26,1
DA:27,1
DA:28,1
DA:29,2
DA:31,1
DA:32,2
DA:34,1
DA:35,2
DA:37,1
DA:40,1
DA:41,1
DA:42,1
DA:43,1
DA:44,1
DA:45,1
DA:46,1
DA:50,0
DA:51,0
DA:52,0
DA:53,0
DA:55,0
DA:56,0
DA:58,0
DA:59,0
DA:61,0
LF:29
LH:20
end_of_record
SF:lib/core/locator.dart
DA:14,1
DA:19,3
DA:20,3
DA:21,4
DA:25,2
DA:26,2
DA:27,6
LF:7
LH:7
end_of_record
SF:lib/data/modules/api/api_service.dart
DA:10,1
DA:17,0
DA:22,0
DA:26,0
DA:27,0
DA:28,0
LF:6
LH:1
end_of_record
SF:lib/data/interactors/exercise_interactor.dart
DA:11,0
DA:13,0
DA:15,0
DA:16,0
DA:18,0
DA:23,0
DA:25,0
DA:26,0
DA:29,0
DA:31,0
DA:32,0
DA:33,0
LF:12
LH:0
end_of_record
SF:lib/data/interactors/workout_exercise_interactor.dart
DA:14,0
DA:16,0
DA:19,0
DA:20,0
DA:22,0
DA:24,0
DA:25,0
DA:26,0
DA:29,0
DA:30,0
DA:31,0
DA:32,0
DA:40,0
DA:42,0
DA:43,0
DA:46,0
DA:48,0
DA:49,0
DA:50,0
LF:19
LH:0
end_of_record
SF:lib/data/interactors/workout_interactor.dart
DA:13,1
DA:15,1
DA:18,3
DA:23,0
DA:25,0
DA:26,0
DA:29,1
DA:31,1
DA:32,2
DA:33,2
LF:10
LH:7
end_of_record
SF:lib/data/modules/services/store_service.dart
DA:24,1
DA:32,0
DA:36,1
DA:37,1
DA:39,0
DA:40,2
DA:46,1
DA:47,1
DA:48,3
DA:49,0
DA:51,1
DA:52,3
DA:56,1
DA:57,3
DA:58,0
DA:60,1
DA:61,3
DA:64,2
DA:65,2
DA:71,0
DA:72,0
DA:75,1
DA:76,3
DA:77,0
DA:79,1
DA:80,1
DA:81,2
DA:82,1
DA:85,0
DA:86,0
DA:89,1
DA:90,3
DA:91,3
DA:92,2
DA:94,2
DA:95,1
DA:98,0
DA:100,2
LF:38
LH:28
end_of_record
SF:lib/utilities/test/mock_firestore.dart
DA:9,1
DA:10,2
DA:11,1
DA:13,1
DA:14,1
DA:15,1
DA:18,1
DA:25,1
DA:26,2
DA:27,1
DA:29,4
DA:31,5
LF:12
LH:12
end_of_record
SF:lib/domain/models/workout_exercise.dart
DA:6,0
DA:8,0
DA:19,0
DA:23,0
DA:36,0
DA:37,0
DA:38,0
DA:39,0
DA:40,0
DA:41,0
DA:43,0
DA:44,0
DA:45,0
DA:46,0
DA:47,0
DA:48,0
DA:50,0
DA:53,0
DA:54,0
DA:55,0
DA:56,0
DA:57,0
DA:58,0
DA:59,0
DA:60,0
DA:61,0
DA:65,0
DA:66,0
DA:67,0
DA:68,0
DA:69,0
DA:71,0
DA:72,0
DA:73,0
DA:74,0
DA:75,0
DA:76,0
DA:78,0
LF:38
LH:0
end_of_record
SF:lib/domain/failures/api_error.dart
DA:4,0
LF:1
LH:0
end_of_record
SF:lib/utilities/functions.dart
DA:7,0
DA:8,0
DA:10,0
DA:12,0
DA:13,0
DA:16,0
DA:21,0
DA:22,0
DA:25,0
DA:30,0
DA:31,0
DA:35,0
DA:37,0
DA:40,0
DA:41,0
DA:42,0
DA:43,0
DA:47,0
DA:49,0
DA:52,0
DA:61,0
DA:62,0
DA:65,0
DA:66,0
DA:67,0
DA:69,0
DA:76,0
DA:79,0
DA:82,0
DA:87,0
DA:88,0
DA:89,0
DA:93,0
DA:95,0
DA:97,0
DA:98,0
DA:100,0
DA:101,0
DA:102,0
DA:104,0
DA:105,0
DA:107,0
DA:116,0
DA:119,0
DA:121,0
DA:125,0
DA:126,0
DA:127,0
DA:131,0
DA:132,0
DA:133,0
DA:137,0
DA:138,0
DA:139,0
DA:144,0
DA:145,0
DA:146,0
DA:151,0
DA:152,0
DA:153,0
DA:155,0
DA:156,0
LF:62
LH:0
end_of_record
